<?xml version="1.0" encoding="UTF-8"?>
<!-- Generated by org.testng.reporters.JUnitReportReporter -->
<testsuite hostname="aseem" name="testSetup.baseSetup" tests="4" failures="0" timestamp="25 May 2016 19:10:55 GMT" time="27.615" errors="0">
  <testcase name="imgAltValue" time="8.020" classname="testSetup.baseSetup"/>
  <testcase name="phpError" time="4.317" classname="testSetup.baseSetup"/>
  <testcase name="PageTitle" time="10.828" classname="testSetup.baseSetup"/>
  <testcase name="Error404" time="4.450" classname="testSetup.baseSetup"/>
</testsuite> <!-- testSetup.baseSetup -->
