<?xml version="1.0" encoding="UTF-8"?>
<!-- Generated by org.testng.reporters.JUnitReportReporter -->
<testsuite hostname="aseem" name="using_ng.NewTest" tests="1" failures="0" timestamp="6 Apr 2016 19:20:36 GMT" time="33.516" errors="0">
  <testcase name="testW3Table" time="33.516" classname="using_ng.NewTest"/>
</testsuite> <!-- using_ng.NewTest -->
